<?xml version="1.0" encoding="UTF-8"?>
<testsuite xmlns:xsi="http://www.w3.org/2001/XMLSchema-instance" xsi:noNamespaceSchemaLocation="https://maven.apache.org/surefire/maven-surefire-plugin/xsd/surefire-test-report.xsd" name="pl.jsystems.szkolenie.szkolenieApi.ApiTest" time="8.665" tests="11" errors="0" skipped="0" failures="0">
  <properties>
[...]
</properties>
  <testcase name="genericInteger" classname="pl.jsystems.szkolenie.szkolenieApi.ApiTest" time="0.395"/>
  <testcase name="splitResponse" classname="pl.jsystems.szkolenie.szkolenieApi.ApiTest" time="0.625"/>
  <testcase name="errorResponse" classname="pl.jsystems.szkolenie.szkolenieApi.ApiTest" time="0.253"/>
  <testcase name="addUser" classname="pl.jsystems.szkolenie.szkolenieApi.ApiTest" time="0.351"/>
  <testcase name="firstApiTest" classname="pl.jsystems.szkolenie.szkolenieApi.ApiTest" time="2.262"/>
  <testcase name="genericString" classname="pl.jsystems.szkolenie.szkolenieApi.ApiTest" time="0.203"/>
  <testcase name="getSimpleUserByID" classname="pl.jsystems.szkolenie.szkolenieApi.ApiTest" time="0.196"/>
  <testcase name="azureAuthor" classname="pl.jsystems.szkolenie.szkolenieApi.ApiTest" time="4.243"/>
  <testcase name="userDeviceByModel" classname="pl.jsystems.szkolenie.szkolenieApi.ApiTest" time="0.056"/>
  <testcase name="userDevices" classname="pl.jsystems.szkolenie.szkolenieApi.ApiTest" time="0"/>
  <testcase name="getUserByQueryparamAndPathvariable" classname="pl.jsystems.szkolenie.szkolenieApi.ApiTest" time="0"/>
</testsuite>